[uWSGI] getting INI configuration from /home/cly/Ball-warfare/scripts/uwsgi.ini
[uwsgi-static] added mapping for /static => /home/cly/Ball-warfare/static
[uwsgi-static] added mapping for /media => /home/cly/Ball-warfare/media
[uwsgi-static] added check for True
*** Starting uWSGI 2.0.20-debian (64bit) on [Wed Dec 17 00:19:43 2025] ***
compiled with version: 11.2.0 on 21 March 2022 11:00:44
os: Linux-6.8.0-90-generic #91~22.04.1-Ubuntu SMP PREEMPT_DYNAMIC Thu Nov 20 15:20:45 UTC 2
nodename: cly-Lenovo-XiaoXinAir-14ITL-2021
machine: x86_64
clock source: unix
pcre jit disabled
detected number of CPU cores: 8
current working directory: /home/cly/Ball-warfare
detected binary path: /usr/bin/uwsgi-core
chdir() to /home/cly/Ball-warfare
your processes number limit is 30622
your memory page size is 4096 bytes
detected max file descriptor number: 1048576
building mime-types dictionary from file /etc/mime.types...1516 entry found
lock engine: pthread robust mutexes
thunder lock: disabled (you can enable it with --thunder-lock)
uwsgi socket 0 bound to TCP address 0.0.0.0:8000 fd 3
uwsgi socket 1 bound to TCP address 0.0.0.0:9001 fd 4
Python version: 3.10.12 (main, Nov  4 2025, 08:48:33) [GCC 11.4.0]
PEP 405 virtualenv detected: /home/cly/Ball-warfare/.venv
Set PythonHome to /home/cly/Ball-warfare/.venv
Python main interpreter initialized at 0x6530441706e0
python threads support enabled
your server socket listen backlog is limited to 100 connections
your mercy for graceful operations on workers is 60 seconds
mapped 344232 bytes (336 KB) for 10 cores
*** Operational MODE: preforking+threaded ***
added /home/cly/Ball-warfare/.venv/lib/python3.10/site-packages/ to pythonpath.
WSGI app 0 (mountpoint='') ready in 0 seconds on interpreter 0x6530441706e0 pid: 6893 (default app)
*** uWSGI is running in multiple interpreter mode ***
spawned uWSGI master process (pid: 6893)
spawned uWSGI worker 1 (pid: 6895, cores: 5)
spawned uWSGI worker 2 (pid: 6896, cores: 5)
[pid: 6896|app: 0|req: 1/1] 127.0.0.1 () {48 vars in 1004 bytes} [Wed Dec 17 00:19:53 2025] GET / => generated 658 bytes in 70 msecs (HTTP/1.1 200) 5 headers in 166 bytes (1 switches on core 0)
[pid: 6896|app: -1|req: -1/2] 127.0.0.1 () {48 vars in 961 bytes} [Wed Dec 17 00:19:53 2025] GET /static/css/game.css => generated 0 bytes in 0 msecs (HTTP/1.1 304) 0 headers in 29 bytes (0 switches on core 1)
[pid: 6896|app: -1|req: -1/3] 127.0.0.1 () {50 vars in 986 bytes} [Wed Dec 17 00:19:53 2025] GET /static/js/dist/game.js => generated 21382 bytes in 0 msecs via sendfile() (HTTP/1.1 200) 3 headers in 119 bytes (0 switches on core 2)
[pid: 6895|app: -1|req: -1/4] 127.0.0.1 () {48 vars in 1025 bytes} [Wed Dec 17 00:19:53 2025] GET /static/image/settings/QQ.png => generated 0 bytes in 1 msecs (HTTP/1.1 304) 0 headers in 29 bytes (0 switches on core 0)
[pid: 6896|app: 0|req: 2/5] 127.0.0.1 () {48 vars in 948 bytes} [Wed Dec 17 00:19:53 2025] GET /settings/getinfo/?platform=WEB => generated 124 bytes in 19 msecs (HTTP/1.1 200) 6 headers in 172 bytes (1 switches on core 3)
[pid: 6896|app: -1|req: -1/6] 127.0.0.1 () {48 vars in 1034 bytes} [Wed Dec 17 00:19:53 2025] GET /static/image/menu/1.png => generated 0 bytes in 0 msecs (HTTP/1.1 304) 0 headers in 29 bytes (0 switches on core 4)
[pid: 6896|app: 0|req: 3/7] 127.0.0.1 () {50 vars in 1035 bytes} [Wed Dec 17 00:20:22 2025] GET / => generated 658 bytes in 0 msecs (HTTP/1.1 200) 5 headers in 166 bytes (1 switches on core 4)
[pid: 6896|app: -1|req: -1/8] 127.0.0.1 () {48 vars in 1005 bytes} [Wed Dec 17 00:20:22 2025] GET /static/favicon.ico => generated 0 bytes in 0 msecs (HTTP/1.1 304) 0 headers in 29 bytes (0 switches on core 2)
[pid: 6895|app: 0|req: 1/9] 127.0.0.1 () {48 vars in 948 bytes} [Wed Dec 17 00:20:22 2025] GET /settings/getinfo/?platform=WEB => generated 124 bytes in 46 msecs (HTTP/1.1 200) 6 headers in 172 bytes (1 switches on core 2)
[pid: 6896|app: 0|req: 4/10] 127.0.0.1 () {48 vars in 921 bytes} [Wed Dec 17 00:20:23 2025] GET /settings/logout/ => generated 21 bytes in 5 msecs (HTTP/1.1 200) 7 headers in 270 bytes (1 switches on core 3)
[pid: 6896|app: 0|req: 5/11] 127.0.0.1 () {52 vars in 1036 bytes} [Wed Dec 17 00:20:23 2025] GET / => generated 658 bytes in 1 msecs (HTTP/1.1 200) 5 headers in 166 bytes (1 switches on core 1)
[pid: 6895|app: 0|req: 2/12] 127.0.0.1 () {48 vars in 904 bytes} [Wed Dec 17 00:20:23 2025] GET /settings/getinfo/?platform=WEB => generated 32 bytes in 1 msecs (HTTP/1.1 200) 6 headers in 171 bytes (1 switches on core 1)
...brutally killing workers...
worker 1 buried after 1 seconds
worker 2 buried after 1 seconds
binary reloading uWSGI...
chdir() to /home/cly/Ball-warfare
closing all non-uwsgi socket fds > 2 (max_fd = 1048576)...
found fd 3 mapped to socket 0 (0.0.0.0:8000)
found fd 4 mapped to socket 1 (0.0.0.0:9001)
running /usr/bin/uwsgi-core
[uWSGI] getting INI configuration from /home/cly/Ball-warfare/scripts/uwsgi.ini
[uwsgi-static] added check for True
*** Starting uWSGI 2.0.20-debian (64bit) on [Wed Dec 17 00:22:52 2025] ***
compiled with version: 11.2.0 on 21 March 2022 11:00:44
os: Linux-6.8.0-90-generic #91~22.04.1-Ubuntu SMP PREEMPT_DYNAMIC Thu Nov 20 15:20:45 UTC 2
nodename: cly-Lenovo-XiaoXinAir-14ITL-2021
machine: x86_64
clock source: unix
pcre jit disabled
detected number of CPU cores: 8
current working directory: /home/cly/Ball-warfare
detected binary path: /usr/bin/uwsgi-core
chdir() to /home/cly/Ball-warfare
your processes number limit is 30622
your memory page size is 4096 bytes
detected max file descriptor number: 1048576
building mime-types dictionary from file /etc/mime.types...1516 entry found
lock engine: pthread robust mutexes
thunder lock: disabled (you can enable it with --thunder-lock)
uwsgi socket 0 inherited INET address 0.0.0.0:8000 fd 3
uwsgi socket 1 inherited INET address 0.0.0.0:9001 fd 4
Python version: 3.10.12 (main, Nov  4 2025, 08:48:33) [GCC 11.4.0]
PEP 405 virtualenv detected: /home/cly/Ball-warfare/.venv
Set PythonHome to /home/cly/Ball-warfare/.venv
Python main interpreter initialized at 0x5bef984fe7e0
python threads support enabled
your server socket listen backlog is limited to 100 connections
your mercy for graceful operations on workers is 60 seconds
mapped 344232 bytes (336 KB) for 10 cores
*** Operational MODE: preforking+threaded ***
added /home/cly/Ball-warfare/.venv/lib/python3.10/site-packages/ to pythonpath.
WSGI app 0 (mountpoint='') ready in 0 seconds on interpreter 0x5bef984fe7e0 pid: 6893 (default app)
*** uWSGI is running in multiple interpreter mode ***
gracefully (RE)spawned uWSGI master process (pid: 6893)
spawned uWSGI worker 1 (pid: 7310, cores: 5)
spawned uWSGI worker 2 (pid: 7311, cores: 5)
